<?xml version="1.0" encoding="UTF-8"?>
<testng-results skipped="0" failed="0" ignored="0" total="0" passed="0">
  <reporter-output>
  </reporter-output>
  <suite name="boostshore.DogScannerTest" duration-ms="1157" started-at="2019-12-05T05:40:43Z" finished-at="2019-12-05T05:40:44Z">
    <groups>
    </groups>
    <test name="Command line test" duration-ms="1157" started-at="2019-12-05T05:40:43Z" finished-at="2019-12-05T05:40:44Z">
      <class name="boostshore.DogScannerTest">
        <test-method status="PASS" signature="setUp()[pri:0, instance:boostshore.DogScannerTest@6cd8737]" name="setUp" is-config="true" duration-ms="176946" started-at="2019-12-04T21:37:46Z" finished-at="2019-12-04T21:40:43Z">
          <reporter-output>
          </reporter-output>
        </test-method> <!-- setUp -->
        <test-method status="PASS" signature="tearDown()[pri:0, instance:boostshore.DogScannerTest@6cd8737]" name="tearDown" is-config="true" duration-ms="1106" started-at="2019-12-04T21:40:43Z" finished-at="2019-12-04T21:40:44Z">
          <reporter-output>
          </reporter-output>
        </test-method> <!-- tearDown -->
      </class> <!-- boostshore.DogScannerTest -->
    </test> <!-- Command line test -->
  </suite> <!-- boostshore.DogScannerTest -->
</testng-results>
